<?xml version="1.0" encoding="UTF-8"?>
<!-- Generated by org.testng.reporters.JUnitReportReporter -->
<testsuite hostname="captain-PC" failures="0" tests="1" name="SeleniumPracticeAutomationTest.Home" time="12.994" errors="0" timestamp="2021-12-06T23:46:04 IST" skipped="0">
  <testcase classname="SeleniumPracticeAutomationTest.Home" name="basePagenavigation" time="12.994"/>
  <system-out/>
</testsuite> <!-- SeleniumPracticeAutomationTest.Home -->
