<?xml version="1.0" encoding="UTF-8"?>
<!-- Generated by org.testng.reporters.JUnitReportReporter -->
<testsuite hostname="captain-PC" failures="0" tests="1" name="SeleniumPracticeAutomationTest.OrderTshirt" time="89.710" errors="0" timestamp="2021-12-10T00:04:43 IST" skipped="0">
  <testcase classname="SeleniumPracticeAutomationTest.OrderTshirt" name="orderTshirt" time="89.710"/>
  <system-out/>
</testsuite> <!-- SeleniumPracticeAutomationTest.OrderTshirt -->
